c:\users\mspiegl\my documents\github\pchar\pchar\debug\vc120.pdb
c:\users\mspiegl\my documents\github\pchar\pchar\debug\vc120.idb
c:\users\mspiegl\my documents\github\pchar\pchar\debug\getopt.obj
c:\users\mspiegl\my documents\github\pchar\pchar\debug\pchar.obj
c:\users\mspiegl\my documents\github\pchar\pchar\debug\stdafx.obj
c:\users\mspiegl\desktop\zzz\pchar\pchar\debug\vc120.pdb
c:\users\mspiegl\desktop\zzz\pchar\pchar\debug\vc120.idb
c:\users\mspiegl\desktop\zzz\pchar\pchar\debug\getopt.obj
c:\users\mspiegl\desktop\zzz\pchar\pchar\debug\pchar.obj
c:\users\mspiegl\my documents\github\pchar\debug\pchar.ilk
c:\users\mspiegl\my documents\github\pchar\debug\pchar.exe
c:\users\mspiegl\my documents\github\pchar\debug\pchar.pdb
c:\users\mspiegl\desktop\zzz\pchar\debug\pchar.ilk
c:\users\mspiegl\desktop\zzz\pchar\debug\pchar.exe
c:\users\mspiegl\desktop\zzz\pchar\debug\pchar.pdb
c:\users\mspiegl\desktop\zzz\pchar\pchar\debug\stdafx.obj
c:\users\mspiegl\desktop\zzz\pchar\pchar\debug\pchar.tlog\cl.command.1.tlog
c:\users\mspiegl\desktop\zzz\pchar\pchar\debug\pchar.tlog\cl.read.1.tlog
c:\users\mspiegl\desktop\zzz\pchar\pchar\debug\pchar.tlog\cl.write.1.tlog
c:\users\mspiegl\desktop\zzz\pchar\pchar\debug\pchar.tlog\link.command.1.tlog
c:\users\mspiegl\desktop\zzz\pchar\pchar\debug\pchar.tlog\link.read.1.tlog
c:\users\mspiegl\desktop\zzz\pchar\pchar\debug\pchar.tlog\link.write.1.tlog
